13:10:32.773 [main] INFO  resources.Base - all cookies are cleared
13:10:59.068 [main] DEBUG resources.Base - Navigating to MapDatalab is been clicked 
13:10:59.109 [main] INFO  resources.Base - Mapdatalab sit is been successfully landed
13:11:09.282 [main] INFO  resources.Base - window size is been maximized
13:11:09.345 [main] INFO  resources.Base - site title is been retrieved
13:11:13.085 [main] DEBUG resources.Base - Login/Registration link is been clicked
13:11:16.905 [main] DEBUG resources.Base - Username is been entered
13:11:17.460 [main] DEBUG resources.Base - Password is been entered
13:11:17.596 [main] DEBUG resources.Base - Login Submit button is been clicked
13:11:17.596 [main] INFO  resources.Base - login done sucessfully
13:11:28.402 [main] DEBUG resources.Base - Map to perform operations is been clicked
13:11:28.403 [main] INFO  resources.Base - Map is been selected sucessfully
13:11:41.345 [main] DEBUG resources.Base - userTab button is been clicked
13:11:42.395 [main] DEBUG resources.Base - + New user Layer Menu button is been clicked
13:11:43.861 [main] DEBUG resources.Base - FileFormat button is been clicked
13:11:44.519 [main] DEBUG resources.Base - DataScope is been selected
13:11:46.936 [main] DEBUG resources.Base - File Name is entered
13:13:21.981 [main] INFO  resources.Base - Driver is intialized successfully
13:13:22.211 [main] INFO  resources.Base - all cookies are cleared
13:13:28.349 [main] DEBUG resources.Base - Navigating to MapDatalab is been clicked 
13:13:28.354 [main] INFO  resources.Base - Mapdatalab sit is been successfully landed
13:13:30.536 [main] INFO  resources.Base - window size is been maximized
13:13:30.552 [main] INFO  resources.Base - site title is been retrieved
13:13:33.729 [main] DEBUG resources.Base - Login/Registration link is been clicked
13:13:36.346 [main] DEBUG resources.Base - Username is been entered
13:13:36.763 [main] DEBUG resources.Base - Password is been entered
13:13:36.897 [main] DEBUG resources.Base - Login Submit button is been clicked
13:13:36.898 [main] INFO  resources.Base - login done sucessfully
13:13:49.409 [main] DEBUG resources.Base - Map to perform operations is been clicked
13:13:49.409 [main] INFO  resources.Base - Map is been selected sucessfully
13:14:02.926 [main] DEBUG resources.Base - userTab button is been clicked
13:14:04.098 [main] DEBUG resources.Base - + New user Layer Menu button is been clicked
13:14:05.365 [main] DEBUG resources.Base - FileFormat button is been clicked
13:14:06.784 [main] DEBUG resources.Base - DataScope is been selected
13:14:13.683 [main] DEBUG resources.Base - File Name is entered
13:15:37.055 [main] INFO  resources.Base - Driver is intialized successfully
13:15:37.151 [main] INFO  resources.Base - all cookies are cleared
13:15:44.049 [main] DEBUG resources.Base - Navigating to MapDatalab is been clicked 
13:15:44.053 [main] INFO  resources.Base - Mapdatalab sit is been successfully landed
13:15:46.214 [main] INFO  resources.Base - window size is been maximized
13:15:46.225 [main] INFO  resources.Base - site title is been retrieved
13:15:47.840 [main] DEBUG resources.Base - Login/Registration link is been clicked
13:15:50.965 [main] DEBUG resources.Base - Username is been entered
13:15:51.427 [main] DEBUG resources.Base - Password is been entered
13:15:51.550 [main] DEBUG resources.Base - Login Submit button is been clicked
13:15:51.550 [main] INFO  resources.Base - login done sucessfully
13:16:02.885 [main] DEBUG resources.Base - Map to perform operations is been clicked
13:16:02.885 [main] INFO  resources.Base - Map is been selected sucessfully
13:16:16.946 [main] DEBUG resources.Base - userTab button is been clicked
13:16:17.952 [main] DEBUG resources.Base - + New user Layer Menu button is been clicked
13:16:18.998 [main] DEBUG resources.Base - FileFormat button is been clicked
13:16:19.934 [main] DEBUG resources.Base - DataScope is been selected
13:16:22.629 [main] DEBUG resources.Base - File Name is entered
13:16:23.279 [main] DEBUG resources.Base - File is been browsed
13:16:25.486 [main] DEBUG resources.Base - Submit Button is been Clicked
13:16:27.665 [main] DEBUG resources.Base - File to be uploading Ok button is been clicked
13:17:16.503 [main] DEBUG resources.Base - File been uploaded sucessfully..Ok button is been Clicked
13:17:16.504 [main] INFO  resources.Base - Indian State  File is been Uploaded Successfully
13:17:20.831 [main] DEBUG resources.Base - Classify 1 Button is been Clicked
13:17:25.238 [main] DEBUG resources.Base - Classificy DropDown options are selected
13:17:25.327 [main] DEBUG resources.Base - Classify Circle is been selected
13:17:27.470 [main] DEBUG resources.Base - Classify Submit button is been Clicked
13:17:27.470 [main] INFO  resources.Base - Quantitative Data is been Classified Sucessfully
13:17:29.716 [main] DEBUG resources.Base - Classify Button is been Clicked
13:17:34.772 [main] DEBUG resources.Base - Qualitative Data radio button and Dropdown options are been selected
13:17:36.882 [main] DEBUG resources.Base - Qualitative Submit Button is been clicked
13:17:36.882 [main] INFO  resources.Base - Qualitative Data is been Classified Sucessfully
13:17:39.015 [main] DEBUG resources.Base - File Layer Delete button is been clicked
13:17:39.178 [main] DEBUG resources.Base - File to delete ..OK button is been clicked
13:17:41.272 [main] DEBUG resources.Base - File is been deleted.. Ok button is been clicked
13:17:41.272 [main] INFO  resources.Base - File is been deleted sucessfully
13:17:44.968 [main] DEBUG resources.Base - Logout button is been Clicked
13:17:44.969 [main] INFO  resources.Base - Logout been deleted Successfully
13:19:18.649 [main] INFO  resources.Base - Driver is intialized successfully
13:19:18.698 [main] INFO  resources.Base - all cookies are cleared
13:19:24.977 [main] DEBUG resources.Base - Navigating to MapDatalab is been clicked 
13:19:24.982 [main] INFO  resources.Base - Mapdatalab sit is been successfully landed
13:19:27.159 [main] INFO  resources.Base - window size is been maximized
13:19:27.171 [main] INFO  resources.Base - site title is been retrieved
13:19:30.233 [main] DEBUG resources.Base - Login/Registration link is been clicked
13:19:38.132 [main] DEBUG resources.Base - Username is been entered
13:19:38.436 [main] DEBUG resources.Base - Password is been entered
13:19:38.528 [main] DEBUG resources.Base - Login Submit button is been clicked
13:19:38.529 [main] INFO  resources.Base - login done sucessfully
13:19:48.080 [main] DEBUG resources.Base - Map to perform operations is been clicked
13:19:48.081 [main] INFO  resources.Base - Map is been selected sucessfully
13:20:01.468 [main] DEBUG resources.Base - userTab button is been clicked
13:20:04.832 [main] DEBUG resources.Base - + New user Layer Menu button is been clicked
13:20:06.286 [main] DEBUG resources.Base - FileFormat button is been clicked
13:20:06.523 [main] DEBUG resources.Base - DataScope is been selected
13:20:08.481 [main] DEBUG resources.Base - File Name is entered
13:20:09.032 [main] DEBUG resources.Base - File is been browsed
13:20:11.414 [main] DEBUG resources.Base - Submit Button is been Clicked
13:20:12.422 [main] DEBUG resources.Base - File to be uploading Ok button is been clicked
13:20:19.212 [main] DEBUG resources.Base - File been uploaded sucessfully..Ok button is been Clicked
13:20:19.213 [main] INFO  resources.Base - Indian State  File is been Uploaded Successfully
13:20:22.229 [main] DEBUG resources.Base - Classify 1 Button is been Clicked
13:20:26.860 [main] DEBUG resources.Base - Classificy DropDown options are selected
13:20:26.946 [main] DEBUG resources.Base - Classify Circle is been selected
13:20:29.049 [main] DEBUG resources.Base - Classify Submit button is been Clicked
13:20:29.049 [main] INFO  resources.Base - Quantitative Data is been Classified Sucessfully
13:20:31.251 [main] DEBUG resources.Base - Classify Button is been Clicked
13:20:36.355 [main] DEBUG resources.Base - Qualitative Data radio button and Dropdown options are been selected
13:20:38.430 [main] DEBUG resources.Base - Qualitative Submit Button is been clicked
13:20:38.431 [main] INFO  resources.Base - Qualitative Data is been Classified Sucessfully
13:20:40.599 [main] DEBUG resources.Base - File Layer Delete button is been clicked
13:20:40.805 [main] DEBUG resources.Base - File to delete ..OK button is been clicked
13:20:42.899 [main] DEBUG resources.Base - File is been deleted.. Ok button is been clicked
13:20:42.900 [main] INFO  resources.Base - File is been deleted sucessfully
13:20:47.634 [main] DEBUG resources.Base - Logout button is been Clicked
13:20:47.635 [main] INFO  resources.Base -  your been Logout Successfully
